<?xml version="1.0" encoding="UTF-8"?>
<testsuite xmlns:xsi="http://www.w3.org/2001/XMLSchema-instance" xsi:noNamespaceSchemaLocation="https://maven.apache.org/surefire/maven-surefire-plugin/xsd/surefire-test-report-3.0.xsd" version="3.0" name="com.luciad.imageio.webp.WebPTest" time="0.558" tests="11" errors="0" skipped="0" failures="0">
  <properties>
    <property name="sun.desktop" value="gnome"/>
    <property name="awt.toolkit" value="sun.awt.X11.XToolkit"/>
    <property name="file.encoding.pkg" value="sun.io"/>
    <property name="java.specification.version" value="1.8"/>
    <property name="sun.cpu.isalist" value=""/>
    <property name="sun.jnu.encoding" value="UTF-8"/>
    <property name="java.class.path" value="/home/umarkov/Downloads/luciad-webp-imageio-873c5677244b/target/test-classes:/home/umarkov/Downloads/luciad-webp-imageio-873c5677244b/target/classes:/home/umarkov/.m2/repository/junit/junit/4.12/junit-4.12.jar:/home/umarkov/.m2/repository/org/hamcrest/hamcrest-core/1.3/hamcrest-core-1.3.jar:"/>
    <property name="java.vm.vendor" value="Oracle Corporation"/>
    <property name="sun.arch.data.model" value="64"/>
    <property name="java.vendor.url" value="http://java.oracle.com/"/>
    <property name="user.timezone" value=""/>
    <property name="java.vm.specification.version" value="1.8"/>
    <property name="os.name" value="Linux"/>
    <property name="user.country" value="US"/>
    <property name="sun.java.launcher" value="SUN_STANDARD"/>
    <property name="sun.boot.library.path" value="/java/jdk1.8.0_301/jre/lib/amd64"/>
    <property name="sun.java.command" value="/home/umarkov/Downloads/luciad-webp-imageio-873c5677244b/target/surefire/surefirebooter2846599581568674148.jar /home/umarkov/Downloads/luciad-webp-imageio-873c5677244b/target/surefire 2021-10-31T01-09-34_017-jvmRun1 surefire673481249673603394tmp surefire_04948775350254747015tmp"/>
    <property name="surefire.test.class.path" value="/home/umarkov/Downloads/luciad-webp-imageio-873c5677244b/target/test-classes:/home/umarkov/Downloads/luciad-webp-imageio-873c5677244b/target/classes:/home/umarkov/.m2/repository/junit/junit/4.12/junit-4.12.jar:/home/umarkov/.m2/repository/org/hamcrest/hamcrest-core/1.3/hamcrest-core-1.3.jar:"/>
    <property name="sun.cpu.endian" value="little"/>
    <property name="user.home" value="/home/umarkov"/>
    <property name="user.language" value="en"/>
    <property name="java.specification.vendor" value="Oracle Corporation"/>
    <property name="java.home" value="/java/jdk1.8.0_301/jre"/>
    <property name="basedir" value="/home/umarkov/Downloads/luciad-webp-imageio-873c5677244b"/>
    <property name="file.separator" value="/"/>
    <property name="line.separator" value="&#10;"/>
    <property name="java.vm.specification.vendor" value="Oracle Corporation"/>
    <property name="java.specification.name" value="Java Platform API Specification"/>
    <property name="java.awt.graphicsenv" value="sun.awt.X11GraphicsEnvironment"/>
    <property name="surefire.real.class.path" value="/home/umarkov/Downloads/luciad-webp-imageio-873c5677244b/target/surefire/surefirebooter2846599581568674148.jar"/>
    <property name="sun.boot.class.path" value="/java/jdk1.8.0_301/jre/lib/resources.jar:/java/jdk1.8.0_301/jre/lib/rt.jar:/java/jdk1.8.0_301/jre/lib/sunrsasign.jar:/java/jdk1.8.0_301/jre/lib/jsse.jar:/java/jdk1.8.0_301/jre/lib/jce.jar:/java/jdk1.8.0_301/jre/lib/charsets.jar:/java/jdk1.8.0_301/jre/lib/jfr.jar:/java/jdk1.8.0_301/jre/classes"/>
    <property name="sun.management.compiler" value="HotSpot 64-Bit Tiered Compilers"/>
    <property name="java.runtime.version" value="1.8.0_301-b09"/>
    <property name="user.name" value="umarkov"/>
    <property name="path.separator" value=":"/>
    <property name="os.version" value="5.4.0-42-generic"/>
    <property name="java.endorsed.dirs" value="/java/jdk1.8.0_301/jre/lib/endorsed"/>
    <property name="java.runtime.name" value="Java(TM) SE Runtime Environment"/>
    <property name="file.encoding" value="UTF-8"/>
    <property name="java.vm.name" value="Java HotSpot(TM) 64-Bit Server VM"/>
    <property name="localRepository" value="/home/umarkov/.m2/repository"/>
    <property name="java.vendor.url.bug" value="http://bugreport.sun.com/bugreport/"/>
    <property name="java.io.tmpdir" value="/tmp"/>
    <property name="java.version" value="1.8.0_301"/>
    <property name="user.dir" value="/home/umarkov/Downloads/luciad-webp-imageio-873c5677244b"/>
    <property name="os.arch" value="amd64"/>
    <property name="java.vm.specification.name" value="Java Virtual Machine Specification"/>
    <property name="java.awt.printerjob" value="sun.print.PSPrinterJob"/>
    <property name="sun.os.patch.level" value="unknown"/>
    <property name="java.library.path" value="/usr/java/packages/lib/amd64:/usr/lib64:/lib64:/lib:/usr/lib"/>
    <property name="java.vm.info" value="mixed mode"/>
    <property name="java.vendor" value="Oracle Corporation"/>
    <property name="java.vm.version" value="25.301-b09"/>
    <property name="java.ext.dirs" value="/java/jdk1.8.0_301/jre/lib/ext:/usr/java/packages/lib/ext"/>
    <property name="sun.io.unicode.encoding" value="UnicodeLittle"/>
    <property name="java.class.version" value="52.0"/>
  </properties>
  <testcase name="testDecompressLossy" classname="com.luciad.imageio.webp.WebPTest" time="0.169"/>
  <testcase name="testDecompressLossyAlpha" classname="com.luciad.imageio.webp.WebPTest" time="0.003"/>
  <testcase name="testFindWriterByMimeType" classname="com.luciad.imageio.webp.WebPTest" time="0.002"/>
  <testcase name="testFindReaderByMimeType" classname="com.luciad.imageio.webp.WebPTest" time="0.001"/>
  <testcase name="testFindWriterByFormatName" classname="com.luciad.imageio.webp.WebPTest" time="0"/>
  <testcase name="testDecompressLossless" classname="com.luciad.imageio.webp.WebPTest" time="0.006"/>
  <testcase name="testCompress" classname="com.luciad.imageio.webp.WebPTest" time="0.075"/>
  <testcase name="testRoundtrip" classname="com.luciad.imageio.webp.WebPTest" time="0.094"/>
  <testcase name="testFindReaderByFormatName" classname="com.luciad.imageio.webp.WebPTest" time="0.001"/>
  <testcase name="testFindReaderBySuffix" classname="com.luciad.imageio.webp.WebPTest" time="0.001"/>
  <testcase name="testFindWriterBySuffix" classname="com.luciad.imageio.webp.WebPTest" time="0"/>
</testsuite>